Testing SubsetChannelsFrame:
Bit=-1 word=0x0000 starting_channel=   0 res_configuration=   0 digital_switch_flag=0
Bit= 0 word=0x0100 starting_channel=   1 res_configuration=   0 digital_switch_flag=0
Bit= 1 word=0x0200 starting_channel=   2 res_configuration=   0 digital_switch_flag=0
Bit= 2 word=0x0400 starting_channel=   4 res_configuration=   0 digital_switch_flag=0
Bit= 3 word=0x0800 starting_channel=   8 res_configuration=   0 digital_switch_flag=0
Bit= 4 word=0x1000 starting_channel=  16 res_configuration=   0 digital_switch_flag=0
Bit= 5 word=0x2000 starting_channel=   0 res_configuration=   1 digital_switch_flag=0
Bit= 6 word=0x4000 starting_channel=   0 res_configuration=   2 digital_switch_flag=0
Bit= 7 word=0x8000 starting_channel=   0 res_configuration=   0 digital_switch_flag=1
Bit= 8 word=0x0001 starting_channel=   0 res_configuration=   0 digital_switch_flag=0
Bit= 9 word=0x0002 starting_channel=   0 res_configuration=   0 digital_switch_flag=0
Bit=10 word=0x0004 starting_channel=   0 res_configuration=   0 digital_switch_flag=0
Bit=11 word=0x0008 starting_channel=   0 res_configuration=   0 digital_switch_flag=0
Bit=12 word=0x0010 starting_channel=   0 res_configuration=   0 digital_switch_flag=0
Bit=13 word=0x0020 starting_channel=   0 res_configuration=   0 digital_switch_flag=0
Bit=14 word=0x0040 starting_channel=   0 res_configuration=   0 digital_switch_flag=0
Bit=15 word=0x0080 starting_channel=   0 res_configuration=   0 digital_switch_flag=0
Bit=16 word=0x0000 starting_channel=   0 res_configuration=   0 digital_switch_flag=0

Testing Channels12Bit_4Chan:
Bit=-1 word=0x000000000000 ch0=0x0000 ch1=0x0000 ch2=0x0000 ch3=0x0000
Bit= 0 word=0x010000000000 ch0=0x0010 ch1=0x0000 ch2=0x0000 ch3=0x0000
Bit= 1 word=0x020000000000 ch0=0x0020 ch1=0x0000 ch2=0x0000 ch3=0x0000
Bit= 2 word=0x040000000000 ch0=0x0040 ch1=0x0000 ch2=0x0000 ch3=0x0000
Bit= 3 word=0x080000000000 ch0=0x0080 ch1=0x0000 ch2=0x0000 ch3=0x0000
Bit= 4 word=0x100000000000 ch0=0x0100 ch1=0x0000 ch2=0x0000 ch3=0x0000
Bit= 5 word=0x200000000000 ch0=0x0200 ch1=0x0000 ch2=0x0000 ch3=0x0000
Bit= 6 word=0x400000000000 ch0=0x0400 ch1=0x0000 ch2=0x0000 ch3=0x0000
Bit= 7 word=0x800000000000 ch0=0x0800 ch1=0x0000 ch2=0x0000 ch3=0x0000
Bit= 8 word=0x000100000000 ch0=0x0000 ch1=0x0100 ch2=0x0000 ch3=0x0000
Bit= 9 word=0x000200000000 ch0=0x0000 ch1=0x0200 ch2=0x0000 ch3=0x0000
Bit=10 word=0x000400000000 ch0=0x0000 ch1=0x0400 ch2=0x0000 ch3=0x0000
Bit=11 word=0x000800000000 ch0=0x0000 ch1=0x0800 ch2=0x0000 ch3=0x0000
Bit=12 word=0x001000000000 ch0=0x0001 ch1=0x0000 ch2=0x0000 ch3=0x0000
Bit=13 word=0x002000000000 ch0=0x0002 ch1=0x0000 ch2=0x0000 ch3=0x0000
Bit=14 word=0x004000000000 ch0=0x0004 ch1=0x0000 ch2=0x0000 ch3=0x0000
Bit=15 word=0x008000000000 ch0=0x0008 ch1=0x0000 ch2=0x0000 ch3=0x0000
Bit=16 word=0x000001000000 ch0=0x0000 ch1=0x0001 ch2=0x0000 ch3=0x0000
Bit=17 word=0x000002000000 ch0=0x0000 ch1=0x0002 ch2=0x0000 ch3=0x0000
Bit=18 word=0x000004000000 ch0=0x0000 ch1=0x0004 ch2=0x0000 ch3=0x0000
Bit=19 word=0x000008000000 ch0=0x0000 ch1=0x0008 ch2=0x0000 ch3=0x0000
Bit=20 word=0x000010000000 ch0=0x0000 ch1=0x0010 ch2=0x0000 ch3=0x0000
Bit=21 word=0x000020000000 ch0=0x0000 ch1=0x0020 ch2=0x0000 ch3=0x0000
Bit=22 word=0x000040000000 ch0=0x0000 ch1=0x0040 ch2=0x0000 ch3=0x0000
Bit=23 word=0x000080000000 ch0=0x0000 ch1=0x0080 ch2=0x0000 ch3=0x0000
Bit=24 word=0x000000010000 ch0=0x0000 ch1=0x0000 ch2=0x0010 ch3=0x0000
Bit=25 word=0x000000020000 ch0=0x0000 ch1=0x0000 ch2=0x0020 ch3=0x0000
Bit=26 word=0x000000040000 ch0=0x0000 ch1=0x0000 ch2=0x0040 ch3=0x0000
Bit=27 word=0x000000080000 ch0=0x0000 ch1=0x0000 ch2=0x0080 ch3=0x0000
Bit=28 word=0x000000100000 ch0=0x0000 ch1=0x0000 ch2=0x0100 ch3=0x0000
Bit=29 word=0x000000200000 ch0=0x0000 ch1=0x0000 ch2=0x0200 ch3=0x0000
Bit=30 word=0x000000400000 ch0=0x0000 ch1=0x0000 ch2=0x0400 ch3=0x0000
Bit=31 word=0x000000800000 ch0=0x0000 ch1=0x0000 ch2=0x0800 ch3=0x0000
Bit=32 word=0x000000000100 ch0=0x0000 ch1=0x0000 ch2=0x0000 ch3=0x0100
Bit=33 word=0x000000000200 ch0=0x0000 ch1=0x0000 ch2=0x0000 ch3=0x0200
Bit=34 word=0x000000000400 ch0=0x0000 ch1=0x0000 ch2=0x0000 ch3=0x0400
Bit=35 word=0x000000000800 ch0=0x0000 ch1=0x0000 ch2=0x0000 ch3=0x0800
Bit=36 word=0x000000001000 ch0=0x0000 ch1=0x0000 ch2=0x0001 ch3=0x0000
Bit=37 word=0x000000002000 ch0=0x0000 ch1=0x0000 ch2=0x0002 ch3=0x0000
Bit=38 word=0x000000004000 ch0=0x0000 ch1=0x0000 ch2=0x0004 ch3=0x0000
Bit=39 word=0x000000008000 ch0=0x0000 ch1=0x0000 ch2=0x0008 ch3=0x0000
Bit=40 word=0x000000000001 ch0=0x0000 ch1=0x0000 ch2=0x0000 ch3=0x0001
Bit=41 word=0x000000000002 ch0=0x0000 ch1=0x0000 ch2=0x0000 ch3=0x0002
Bit=42 word=0x000000000004 ch0=0x0000 ch1=0x0000 ch2=0x0000 ch3=0x0004
Bit=43 word=0x000000000008 ch0=0x0000 ch1=0x0000 ch2=0x0000 ch3=0x0008
Bit=44 word=0x000000000010 ch0=0x0000 ch1=0x0000 ch2=0x0000 ch3=0x0010
Bit=45 word=0x000000000020 ch0=0x0000 ch1=0x0000 ch2=0x0000 ch3=0x0020
Bit=46 word=0x000000000040 ch0=0x0000 ch1=0x0000 ch2=0x0000 ch3=0x0040
Bit=47 word=0x000000000080 ch0=0x0000 ch1=0x0000 ch2=0x0000 ch3=0x0080
Bit=48 word=0x000000000000 ch0=0x0000 ch1=0x0000 ch2=0x0000 ch3=0x0000

Testing VTXFrame:
Bit=-1 word=0x000000000000000000 flags=0x0000 freq=0x0000 power=0x0000 band=0x0000 channel=0x0000 s0=0x00 s1=0x00 s2=0x00
Bit= 0 word=0x010000000000000000 flags=0x0001 freq=0x0000 power=0x0000 band=0x0000 channel=0x0000 s0=0x00 s1=0x00 s2=0x00
Bit= 1 word=0x020000000000000000 flags=0x0002 freq=0x0000 power=0x0000 band=0x0000 channel=0x0000 s0=0x00 s1=0x00 s2=0x00
Bit= 2 word=0x040000000000000000 flags=0x0004 freq=0x0000 power=0x0000 band=0x0000 channel=0x0000 s0=0x00 s1=0x00 s2=0x00
Bit= 3 word=0x080000000000000000 flags=0x0008 freq=0x0000 power=0x0000 band=0x0000 channel=0x0000 s0=0x00 s1=0x00 s2=0x00
Bit= 4 word=0x100000000000000000 flags=0x0010 freq=0x0000 power=0x0000 band=0x0000 channel=0x0000 s0=0x00 s1=0x00 s2=0x00
Bit= 5 word=0x200000000000000000 flags=0x0020 freq=0x0000 power=0x0000 band=0x0000 channel=0x0000 s0=0x00 s1=0x00 s2=0x00
Bit= 6 word=0x400000000000000000 flags=0x0040 freq=0x0000 power=0x0000 band=0x0000 channel=0x0000 s0=0x00 s1=0x00 s2=0x00
Bit= 7 word=0x800000000000000000 flags=0x0080 freq=0x0000 power=0x0000 band=0x0000 channel=0x0000 s0=0x00 s1=0x00 s2=0x00
Bit= 8 word=0x000100000000000000 flags=0x0000 freq=0x0100 power=0x0000 band=0x0000 channel=0x0000 s0=0x00 s1=0x00 s2=0x00
Bit= 9 word=0x000200000000000000 flags=0x0000 freq=0x0200 power=0x0000 band=0x0000 channel=0x0000 s0=0x00 s1=0x00 s2=0x00
Bit=10 word=0x000400000000000000 flags=0x0000 freq=0x0400 power=0x0000 band=0x0000 channel=0x0000 s0=0x00 s1=0x00 s2=0x00
Bit=11 word=0x000800000000000000 flags=0x0000 freq=0x0800 power=0x0000 band=0x0000 channel=0x0000 s0=0x00 s1=0x00 s2=0x00
Bit=12 word=0x001000000000000000 flags=0x0000 freq=0x1000 power=0x0000 band=0x0000 channel=0x0000 s0=0x00 s1=0x00 s2=0x00
Bit=13 word=0x002000000000000000 flags=0x0000 freq=0x2000 power=0x0000 band=0x0000 channel=0x0000 s0=0x00 s1=0x00 s2=0x00
Bit=14 word=0x004000000000000000 flags=0x0000 freq=0x4000 power=0x0000 band=0x0000 channel=0x0000 s0=0x00 s1=0x00 s2=0x00
Bit=15 word=0x008000000000000000 flags=0x0000 freq=0x8000 power=0x0000 band=0x0000 channel=0x0000 s0=0x00 s1=0x00 s2=0x00
Bit=16 word=0x000001000000000000 flags=0x0000 freq=0x0001 power=0x0000 band=0x0000 channel=0x0000 s0=0x00 s1=0x00 s2=0x00
Bit=17 word=0x000002000000000000 flags=0x0000 freq=0x0002 power=0x0000 band=0x0000 channel=0x0000 s0=0x00 s1=0x00 s2=0x00
Bit=18 word=0x000004000000000000 flags=0x0000 freq=0x0004 power=0x0000 band=0x0000 channel=0x0000 s0=0x00 s1=0x00 s2=0x00
Bit=19 word=0x000008000000000000 flags=0x0000 freq=0x0008 power=0x0000 band=0x0000 channel=0x0000 s0=0x00 s1=0x00 s2=0x00
Bit=20 word=0x000010000000000000 flags=0x0000 freq=0x0010 power=0x0000 band=0x0000 channel=0x0000 s0=0x00 s1=0x00 s2=0x00
Bit=21 word=0x000020000000000000 flags=0x0000 freq=0x0020 power=0x0000 band=0x0000 channel=0x0000 s0=0x00 s1=0x00 s2=0x00
Bit=22 word=0x000040000000000000 flags=0x0000 freq=0x0040 power=0x0000 band=0x0000 channel=0x0000 s0=0x00 s1=0x00 s2=0x00
Bit=23 word=0x000080000000000000 flags=0x0000 freq=0x0080 power=0x0000 band=0x0000 channel=0x0000 s0=0x00 s1=0x00 s2=0x00
Bit=24 word=0x000000010000000000 flags=0x0000 freq=0x0000 power=0x0100 band=0x0000 channel=0x0000 s0=0x00 s1=0x00 s2=0x00
Bit=25 word=0x000000020000000000 flags=0x0000 freq=0x0000 power=0x0200 band=0x0000 channel=0x0000 s0=0x00 s1=0x00 s2=0x00
Bit=26 word=0x000000040000000000 flags=0x0000 freq=0x0000 power=0x0400 band=0x0000 channel=0x0000 s0=0x00 s1=0x00 s2=0x00
Bit=27 word=0x000000080000000000 flags=0x0000 freq=0x0000 power=0x0800 band=0x0000 channel=0x0000 s0=0x00 s1=0x00 s2=0x00
Bit=28 word=0x000000100000000000 flags=0x0000 freq=0x0000 power=0x1000 band=0x0000 channel=0x0000 s0=0x00 s1=0x00 s2=0x00
Bit=29 word=0x000000200000000000 flags=0x0000 freq=0x0000 power=0x2000 band=0x0000 channel=0x0000 s0=0x00 s1=0x00 s2=0x00
Bit=30 word=0x000000400000000000 flags=0x0000 freq=0x0000 power=0x4000 band=0x0000 channel=0x0000 s0=0x00 s1=0x00 s2=0x00
Bit=31 word=0x000000800000000000 flags=0x0000 freq=0x0000 power=0x8000 band=0x0000 channel=0x0000 s0=0x00 s1=0x00 s2=0x00
Bit=32 word=0x000000000100000000 flags=0x0000 freq=0x0000 power=0x0001 band=0x0000 channel=0x0000 s0=0x00 s1=0x00 s2=0x00
Bit=33 word=0x000000000200000000 flags=0x0000 freq=0x0000 power=0x0002 band=0x0000 channel=0x0000 s0=0x00 s1=0x00 s2=0x00
Bit=34 word=0x000000000400000000 flags=0x0000 freq=0x0000 power=0x0004 band=0x0000 channel=0x0000 s0=0x00 s1=0x00 s2=0x00
Bit=35 word=0x000000000800000000 flags=0x0000 freq=0x0000 power=0x0008 band=0x0000 channel=0x0000 s0=0x00 s1=0x00 s2=0x00
Bit=36 word=0x000000001000000000 flags=0x0000 freq=0x0000 power=0x0010 band=0x0000 channel=0x0000 s0=0x00 s1=0x00 s2=0x00
Bit=37 word=0x000000002000000000 flags=0x0000 freq=0x0000 power=0x0020 band=0x0000 channel=0x0000 s0=0x00 s1=0x00 s2=0x00
Bit=38 word=0x000000004000000000 flags=0x0000 freq=0x0000 power=0x0040 band=0x0000 channel=0x0000 s0=0x00 s1=0x00 s2=0x00
Bit=39 word=0x000000008000000000 flags=0x0000 freq=0x0000 power=0x0080 band=0x0000 channel=0x0000 s0=0x00 s1=0x00 s2=0x00
Bit=40 word=0x000000000001000000 flags=0x0000 freq=0x0000 power=0x0000 band=0x0001 channel=0x0000 s0=0x00 s1=0x00 s2=0x00
Bit=41 word=0x000000000002000000 flags=0x0000 freq=0x0000 power=0x0000 band=0x0002 channel=0x0000 s0=0x00 s1=0x00 s2=0x00
Bit=42 word=0x000000000004000000 flags=0x0000 freq=0x0000 power=0x0000 band=0x0004 channel=0x0000 s0=0x00 s1=0x00 s2=0x00
Bit=43 word=0x000000000008000000 flags=0x0000 freq=0x0000 power=0x0000 band=0x0008 channel=0x0000 s0=0x00 s1=0x00 s2=0x00
Bit=44 word=0x000000000010000000 flags=0x0000 freq=0x0000 power=0x0000 band=0x0000 channel=0x0001 s0=0x00 s1=0x00 s2=0x00
Bit=45 word=0x000000000020000000 flags=0x0000 freq=0x0000 power=0x0000 band=0x0000 channel=0x0002 s0=0x00 s1=0x00 s2=0x00
Bit=46 word=0x000000000040000000 flags=0x0000 freq=0x0000 power=0x0000 band=0x0000 channel=0x0004 s0=0x00 s1=0x00 s2=0x00
Bit=47 word=0x000000000080000000 flags=0x0000 freq=0x0000 power=0x0000 band=0x0000 channel=0x0008 s0=0x00 s1=0x00 s2=0x00
Bit=48 word=0x000000000000010000 flags=0x0000 freq=0x0000 power=0x0000 band=0x0000 channel=0x0000 s0=0x01 s1=0x00 s2=0x00
Bit=49 word=0x000000000000020000 flags=0x0000 freq=0x0000 power=0x0000 band=0x0000 channel=0x0000 s0=0x02 s1=0x00 s2=0x00
Bit=50 word=0x000000000000040000 flags=0x0000 freq=0x0000 power=0x0000 band=0x0000 channel=0x0000 s0=0x04 s1=0x00 s2=0x00
Bit=51 word=0x000000000000080000 flags=0x0000 freq=0x0000 power=0x0000 band=0x0000 channel=0x0000 s0=0x08 s1=0x00 s2=0x00
Bit=52 word=0x000000000000100000 flags=0x0000 freq=0x0000 power=0x0000 band=0x0000 channel=0x0000 s0=0x10 s1=0x00 s2=0x00
Bit=53 word=0x000000000000200000 flags=0x0000 freq=0x0000 power=0x0000 band=0x0000 channel=0x0000 s0=0x20 s1=0x00 s2=0x00
Bit=54 word=0x000000000000400000 flags=0x0000 freq=0x0000 power=0x0000 band=0x0000 channel=0x0000 s0=0x40 s1=0x00 s2=0x00
Bit=55 word=0x000000000000800000 flags=0x0000 freq=0x0000 power=0x0000 band=0x0000 channel=0x0000 s0=0x80 s1=0x00 s2=0x00
Bit=56 word=0x000000000000000100 flags=0x0000 freq=0x0000 power=0x0000 band=0x0000 channel=0x0000 s0=0x00 s1=0x01 s2=0x00
Bit=57 word=0x000000000000000200 flags=0x0000 freq=0x0000 power=0x0000 band=0x0000 channel=0x0000 s0=0x00 s1=0x02 s2=0x00
Bit=58 word=0x000000000000000400 flags=0x0000 freq=0x0000 power=0x0000 band=0x0000 channel=0x0000 s0=0x00 s1=0x04 s2=0x00
Bit=59 word=0x000000000000000800 flags=0x0000 freq=0x0000 power=0x0000 band=0x0000 channel=0x0000 s0=0x00 s1=0x08 s2=0x00
Bit=60 word=0x000000000000001000 flags=0x0000 freq=0x0000 power=0x0000 band=0x0000 channel=0x0000 s0=0x00 s1=0x10 s2=0x00
Bit=61 word=0x000000000000002000 flags=0x0000 freq=0x0000 power=0x0000 band=0x0000 channel=0x0000 s0=0x00 s1=0x20 s2=0x00
Bit=62 word=0x000000000000004000 flags=0x0000 freq=0x0000 power=0x0000 band=0x0000 channel=0x0000 s0=0x00 s1=0x40 s2=0x00
Bit=63 word=0x000000000000008000 flags=0x0000 freq=0x0000 power=0x0000 band=0x0000 channel=0x0000 s0=0x00 s1=0x80 s2=0x00
Bit=64 word=0x000000000000000001 flags=0x0000 freq=0x0000 power=0x0000 band=0x0000 channel=0x0000 s0=0x00 s1=0x00 s2=0x01
Bit=65 word=0x000000000000000002 flags=0x0000 freq=0x0000 power=0x0000 band=0x0000 channel=0x0000 s0=0x00 s1=0x00 s2=0x02
Bit=66 word=0x000000000000000004 flags=0x0000 freq=0x0000 power=0x0000 band=0x0000 channel=0x0000 s0=0x00 s1=0x00 s2=0x04
Bit=67 word=0x000000000000000008 flags=0x0000 freq=0x0000 power=0x0000 band=0x0000 channel=0x0000 s0=0x00 s1=0x00 s2=0x08
Bit=68 word=0x000000000000000010 flags=0x0000 freq=0x0000 power=0x0000 band=0x0000 channel=0x0000 s0=0x00 s1=0x00 s2=0x10
Bit=69 word=0x000000000000000020 flags=0x0000 freq=0x0000 power=0x0000 band=0x0000 channel=0x0000 s0=0x00 s1=0x00 s2=0x20
Bit=70 word=0x000000000000000040 flags=0x0000 freq=0x0000 power=0x0000 band=0x0000 channel=0x0000 s0=0x00 s1=0x00 s2=0x40
Bit=71 word=0x000000000000000080 flags=0x0000 freq=0x0000 power=0x0000 band=0x0000 channel=0x0000 s0=0x00 s1=0x00 s2=0x80
Bit=72 word=0x000000000000000000 flags=0x0000 freq=0x0000 power=0x0000 band=0x0000 channel=0x0000 s0=0x00 s1=0x00 s2=0x00

