Bit=-1 ch0=   0 ch1=   0 ch2=   0 ch3=   0
Bit= 0 ch0=   1 ch1=   0 ch2=   0 ch3=   0
Bit= 1 ch0=   2 ch1=   0 ch2=   0 ch3=   0
Bit= 2 ch0=   4 ch1=   0 ch2=   0 ch3=   0
Bit= 3 ch0=   8 ch1=   0 ch2=   0 ch3=   0
Bit= 4 ch0=  16 ch1=   0 ch2=   0 ch3=   0
Bit= 5 ch0=  32 ch1=   0 ch2=   0 ch3=   0
Bit= 6 ch0=  64 ch1=   0 ch2=   0 ch3=   0
Bit= 7 ch0= 128 ch1=   0 ch2=   0 ch3=   0
Bit= 8 ch0= 256 ch1=   0 ch2=   0 ch3=   0
Bit= 9 ch0= 512 ch1=   0 ch2=   0 ch3=   0
Bit=10 ch0=1024 ch1=   0 ch2=   0 ch3=   0
Bit=11 ch0=2048 ch1=   0 ch2=   0 ch3=   0
Bit=12 ch0=   0 ch1=   1 ch2=   0 ch3=   0
Bit=13 ch0=   0 ch1=   2 ch2=   0 ch3=   0
Bit=14 ch0=   0 ch1=   4 ch2=   0 ch3=   0
Bit=15 ch0=   0 ch1=   8 ch2=   0 ch3=   0
Bit=16 ch0=   0 ch1=  16 ch2=   0 ch3=   0
Bit=17 ch0=   0 ch1=  32 ch2=   0 ch3=   0
Bit=18 ch0=   0 ch1=  64 ch2=   0 ch3=   0
Bit=19 ch0=   0 ch1= 128 ch2=   0 ch3=   0
Bit=20 ch0=   0 ch1= 256 ch2=   0 ch3=   0
Bit=21 ch0=   0 ch1= 512 ch2=   0 ch3=   0
Bit=22 ch0=   0 ch1=1024 ch2=   0 ch3=   0
Bit=23 ch0=   0 ch1=2048 ch2=   0 ch3=   0
Bit=24 ch0=   0 ch1=   0 ch2=   1 ch3=   0
Bit=25 ch0=   0 ch1=   0 ch2=   2 ch3=   0
Bit=26 ch0=   0 ch1=   0 ch2=   4 ch3=   0
Bit=27 ch0=   0 ch1=   0 ch2=   8 ch3=   0
Bit=28 ch0=   0 ch1=   0 ch2=  16 ch3=   0
Bit=29 ch0=   0 ch1=   0 ch2=  32 ch3=   0
Bit=30 ch0=   0 ch1=   0 ch2=  64 ch3=   0
Bit=31 ch0=   0 ch1=   0 ch2= 128 ch3=   0
Bit=32 ch0=   0 ch1=   0 ch2= 256 ch3=   0
Bit=33 ch0=   0 ch1=   0 ch2= 512 ch3=   0
Bit=34 ch0=   0 ch1=   0 ch2=1024 ch3=   0
Bit=35 ch0=   0 ch1=   0 ch2=2048 ch3=   0
Bit=36 ch0=   0 ch1=   0 ch2=   0 ch3=   1
Bit=37 ch0=   0 ch1=   0 ch2=   0 ch3=   2
Bit=38 ch0=   0 ch1=   0 ch2=   0 ch3=   4
Bit=39 ch0=   0 ch1=   0 ch2=   0 ch3=   8
Bit=40 ch0=   0 ch1=   0 ch2=   0 ch3=  16
Bit=41 ch0=   0 ch1=   0 ch2=   0 ch3=  32
Bit=42 ch0=   0 ch1=   0 ch2=   0 ch3=  64
Bit=43 ch0=   0 ch1=   0 ch2=   0 ch3= 128
Bit=44 ch0=   0 ch1=   0 ch2=   0 ch3= 256
Bit=45 ch0=   0 ch1=   0 ch2=   0 ch3= 512
Bit=46 ch0=   0 ch1=   0 ch2=   0 ch3=1024
Bit=47 ch0=   0 ch1=   0 ch2=   0 ch3=2048
Bit=48 ch0=   0 ch1=   0 ch2=   0 ch3=   0
